# JRE version: Java(TM) SE Runtime Environment (8.0_191-b12) (build 1.8.0_191-b12)
# Java VM: Java HotSpot(TM) 64-Bit Server VM (25.191-b12 mixed mode linux-amd64 compressed oops)
Heap:
 PSYoungGen      total 153600K, used 110009K [0x00000000d7f80000, 0x00000000e6700000, 0x0000000100000000)
  eden space 121344K, 90% used [0x00000000d7f80000,0x00000000deaee438,0x00000000df600000)
  from space 32256K, 0% used [0x00000000e2780000,0x00000000e2780000,0x00000000e4700000)
  to   space 50688K, 0% used [0x00000000df600000,0x00000000df600000,0x00000000e2780000)
 ParOldGen       total 238592K, used 86315K [0x0000000087e00000, 0x0000000096700000, 0x00000000d7f80000)
  object space 238592K, 36% used [0x0000000087e00000,0x000000008d24ac78,0x0000000096700000)
 Metaspace       used 43730K, capacity 44669K, committed 44928K, reserved 1089536K
  class space    used 5443K, capacity 5639K, committed 5760K, reserved 1048576K
GC Heap History (10 events):
Event: 3,551 GC heap before
{Heap before GC invocations=9 (full 2):
 PSYoungGen      total 124416K, used 11926K [0x00000000d7f80000, 0x00000000e3a00000, 0x0000000100000000)
  eden space 89088K, 0% used [0x00000000d7f80000,0x00000000d7f80000,0x00000000dd680000)
  from space 35328K, 33% used [0x00000000dd680000,0x00000000de225950,0x00000000df900000)
  to   space 34304K, 0% used [0x00000000e1880000,0x00000000e1880000,0x00000000e3a00000)
 ParOldGen       total 133120K, used 68818K [0x0000000087e00000, 0x0000000090000000, 0x00000000d7f80000)
  object space 133120K, 51% used [0x0000000087e00000,0x000000008c134978,0x0000000090000000)
 Metaspace       used 29270K, capacity 29893K, committed 30080K, reserved 1075200K
  class space    used 3553K, capacity 3712K, committed 3712K, reserved 1048576K
Event: 3,668 GC heap after
Heap after GC invocations=9 (full 2):
 PSYoungGen      total 124416K, used 0K [0x00000000d7f80000, 0x00000000e3a00000, 0x0000000100000000)
  eden space 89088K, 0% used [0x00000000d7f80000,0x00000000d7f80000,0x00000000dd680000)
  from space 35328K, 0% used [0x00000000dd680000,0x00000000dd680000,0x00000000df900000)
  to   space 34304K, 0% used [0x00000000e1880000,0x00000000e1880000,0x00000000e3a00000)
 ParOldGen       total 182784K, used 76116K [0x0000000087e00000, 0x0000000093080000, 0x00000000d7f80000)
  object space 182784K, 41% used [0x0000000087e00000,0x000000008c855260,0x0000000093080000)
 Metaspace       used 29270K, capacity 29893K, committed 30080K, reserved 1075200K
  class space    used 3553K, capacity 3712K, committed 3712K, reserved 1048576K
}
Event: 65,053 GC heap before
{Heap before GC invocations=10 (full 2):
 PSYoungGen      total 124416K, used 89088K [0x00000000d7f80000, 0x00000000e3a00000, 0x0000000100000000)
  eden space 89088K, 100% used [0x00000000d7f80000,0x00000000dd680000,0x00000000dd680000)
  from space 35328K, 0% used [0x00000000dd680000,0x00000000dd680000,0x00000000df900000)
  to   space 34304K, 0% used [0x00000000e1880000,0x00000000e1880000,0x00000000e3a00000)
 ParOldGen       total 182784K, used 76116K [0x0000000087e00000, 0x0000000093080000, 0x00000000d7f80000)
  object space 182784K, 41% used [0x0000000087e00000,0x000000008c855260,0x0000000093080000)
 Metaspace       used 40902K, capacity 41809K, committed 41984K, reserved 1085440K
  class space    used 5132K, capacity 5323K, committed 5376K, reserved 1048576K
Event: 65,064 GC heap after
Heap after GC invocations=10 (full 2):
 PSYoungGen      total 146432K, used 14084K [0x00000000d7f80000, 0x00000000e3380000, 0x0000000100000000)
  eden space 118784K, 0% used [0x00000000d7f80000,0x00000000d7f80000,0x00000000df380000)
  from space 27648K, 50% used [0x00000000e1880000,0x00000000e26410e8,0x00000000e3380000)
  to   space 32768K, 0% used [0x00000000df380000,0x00000000df380000,0x00000000e1380000)
 ParOldGen       total 182784K, used 76124K [0x0000000087e00000, 0x0000000093080000, 0x00000000d7f80000)
  object space 182784K, 41% used [0x0000000087e00000,0x000000008c857260,0x0000000093080000)
 Metaspace       used 40902K, capacity 41809K, committed 41984K, reserved 1085440K
  class space    used 5132K, capacity 5323K, committed 5376K, reserved 1048576K
}
Event: 68,518 GC heap before
{Heap before GC invocations=11 (full 2):
 PSYoungGen      total 146432K, used 110100K [0x00000000d7f80000, 0x00000000e3380000, 0x0000000100000000)
  eden space 118784K, 80% used [0x00000000d7f80000,0x00000000ddd44040,0x00000000df380000)
  from space 27648K, 50% used [0x00000000e1880000,0x00000000e26410e8,0x00000000e3380000)
  to   space 32768K, 0% used [0x00000000df380000,0x00000000df380000,0x00000000e1380000)
 ParOldGen       total 182784K, used 76124K [0x0000000087e00000, 0x0000000093080000, 0x00000000d7f80000)
  object space 182784K, 41% used [0x0000000087e00000,0x000000008c857260,0x0000000093080000)
 Metaspace       used 41213K, capacity 42129K, committed 42240K, reserved 1085440K
  class space    used 5136K, capacity 5323K, committed 5376K, reserved 1048576K
Event: 68,548 GC heap after
Heap after GC invocations=11 (full 2):
 PSYoungGen      total 151552K, used 10187K [0x00000000d7f80000, 0x00000000e4700000, 0x0000000100000000)
  eden space 118784K, 0% used [0x00000000d7f80000,0x00000000d7f80000,0x00000000df380000)
  from space 32768K, 31% used [0x00000000df380000,0x00000000dfd72fc0,0x00000000e1380000)
  to   space 32256K, 0% used [0x00000000e2780000,0x00000000e2780000,0x00000000e4700000)
 ParOldGen       total 182784K, used 108228K [0x0000000087e00000, 0x0000000093080000, 0x00000000d7f80000)
  object space 182784K, 59% used [0x0000000087e00000,0x000000008e7b1270,0x0000000093080000)
 Metaspace       used 41213K, capacity 42129K, committed 42240K, reserved 1085440K
  class space    used 5136K, capacity 5323K, committed 5376K, reserved 1048576K
}
Event: 97,371 GC heap before
{Heap before GC invocations=12 (full 2):
 PSYoungGen      total 151552K, used 128700K [0x00000000d7f80000, 0x00000000e4700000, 0x0000000100000000)
  eden space 118784K, 99% used [0x00000000d7f80000,0x00000000df33c220,0x00000000df380000)
  from space 32768K, 31% used [0x00000000df380000,0x00000000dfd72fc0,0x00000000e1380000)
  to   space 32256K, 0% used [0x00000000e2780000,0x00000000e2780000,0x00000000e4700000)
 ParOldGen       total 182784K, used 108228K [0x0000000087e00000, 0x0000000093080000, 0x00000000d7f80000)
  object space 182784K, 59% used [0x0000000087e00000,0x000000008e7b1270,0x0000000093080000)
 Metaspace       used 43088K, capacity 44023K, committed 44288K, reserved 1087488K
  class space    used 5401K, capacity 5600K, committed 5632K, reserved 1048576K
Event: 97,401 GC heap after
Heap after GC invocations=12 (full 2):
 PSYoungGen      total 153600K, used 32228K [0x00000000d7f80000, 0x00000000e6700000, 0x0000000100000000)
  eden space 121344K, 0% used [0x00000000d7f80000,0x00000000d7f80000,0x00000000df600000)
  from space 32256K, 99% used [0x00000000e2780000,0x00000000e46f90b0,0x00000000e4700000)
  to   space 50688K, 0% used [0x00000000df600000,0x00000000df600000,0x00000000e2780000)
 ParOldGen       total 182784K, used 146549K [0x0000000087e00000, 0x0000000093080000, 0x00000000d7f80000)
  object space 182784K, 80% used [0x0000000087e00000,0x0000000090d1d670,0x0000000093080000)
 Metaspace       used 43088K, capacity 44023K, committed 44288K, reserved 1087488K
  class space    used 5401K, capacity 5600K, committed 5632K, reserved 1048576K
}
Event: 97,401 GC heap before
{Heap before GC invocations=13 (full 3):
 PSYoungGen      total 153600K, used 32228K [0x00000000d7f80000, 0x00000000e6700000, 0x0000000100000000)
  eden space 121344K, 0% used [0x00000000d7f80000,0x00000000d7f80000,0x00000000df600000)
  from space 32256K, 99% used [0x00000000e2780000,0x00000000e46f90b0,0x00000000e4700000)
  to   space 50688K, 0% used [0x00000000df600000,0x00000000df600000,0x00000000e2780000)
 ParOldGen       total 182784K, used 146549K [0x0000000087e00000, 0x0000000093080000, 0x00000000d7f80000)
  object space 182784K, 80% used [0x0000000087e00000,0x0000000090d1d670,0x0000000093080000)
 Metaspace       used 43088K, capacity 44023K, committed 44288K, reserved 1087488K
  class space    used 5401K, capacity 5600K, committed 5632K, reserved 1048576K
Event: 97,547 GC heap after
Heap after GC invocations=13 (full 3):
 PSYoungGen      total 153600K, used 0K [0x00000000d7f80000, 0x00000000e6700000, 0x0000000100000000)
  eden space 121344K, 0% used [0x00000000d7f80000,0x00000000d7f80000,0x00000000df600000)
  from space 32256K, 0% used [0x00000000e2780000,0x00000000e2780000,0x00000000e4700000)
  to   space 50688K, 0% used [0x00000000df600000,0x00000000df600000,0x00000000e2780000)
 ParOldGen       total 238592K, used 86315K [0x0000000087e00000, 0x0000000096700000, 0x00000000d7f80000)
  object space 238592K, 36% used [0x0000000087e00000,0x000000008d24ac78,0x0000000096700000)
 Metaspace       used 43088K, capacity 44023K, committed 44288K, reserved 1087488K
  class space    used 5401K, capacity 5600K, committed 5632K, reserved 1048576K
}

